{"uid":"b5b0281703ac983a","name":"Több oldalas lista bejárása","fullName":"vizsgaremek.test.test_conduit.TestConduit#test_data_page_turning","historyId":"c35732b735ac31654b8cf84a6e08bf4d","time":{"start":1681251133848,"stop":1681251185651,"duration":51803},"status":"broken","statusMessage":"selenium.common.exceptions.TimeoutException: Message: \nStacktrace:\n#0 0x55a76e280243 <unknown>\n#1 0x55a76e0447a6 <unknown>\n#2 0x55a76e08164d <unknown>\n#3 0x55a76e081761 <unknown>\n#4 0x55a76e0bcda4 <unknown>\n#5 0x55a76e0a20ad <unknown>\n#6 0x55a76e0ba932 <unknown>\n#7 0x55a76e0a1e53 <unknown>\n#8 0x55a76e0749ea <unknown>\n#9 0x55a76e075b2e <unknown>\n#10 0x55a76e2d4d5e <unknown>\n#11 0x55a76e2d8a80 <unknown>\n#12 0x55a76e2ba8b0 <unknown>\n#13 0x55a76e2d9b63 <unknown>\n#14 0x55a76e2abf75 <unknown>\n#15 0x55a76e2fc998 <unknown>\n#16 0x55a76e2fcb27 <unknown>\n#17 0x55a76e317c23 <unknown>\n#18 0x7ff1ff9a5b43 <unknown>","statusTrace":"self = <test_conduit.TestConduit object at 0x7f52b05bb070>\n\n    @allure.id('TC12')\n    @allure.title('Több oldalas lista bejárása')\n    def test_data_page_turning(self):\n        independent_cookies_accept(self.browser)\n        independent_login(self.browser)\n        create_more_articles(self.browser)  # pycharm futtatásnál ki kell venni\n    \n>       pagination_webelement = WebDriverWait(self.browser, 5).until(\n            EC.presence_of_element_located((By.XPATH, '//ul[@class=\"pagination\"]')))\n\nvizsgaremek/test/test_conduit.py:495: \n_ _ _ _ _ _ _ _ _ _ _ _ _ _ _ _ _ _ _ _ _ _ _ _ _ _ _ _ _ _ _ _ _ _ _ _ _ _ _ _ \n\nself = <selenium.webdriver.support.wait.WebDriverWait (session=\"88abb600be5559b5206d457d781c6226\")>\nmethod = <function presence_of_element_located.<locals>._predicate at 0x7f52b0682c20>\nmessage = ''\n\n    def until(self, method, message: str = \"\"):\n        \"\"\"Calls the method provided with the driver as an argument until the \\\n        return value does not evaluate to ``False``.\n    \n        :param method: callable(WebDriver)\n        :param message: optional message for :exc:`TimeoutException`\n        :returns: the result of the last call to `method`\n        :raises: :exc:`selenium.common.exceptions.TimeoutException` if timeout occurs\n        \"\"\"\n        screen = None\n        stacktrace = None\n    \n        end_time = time.monotonic() + self._timeout\n        while True:\n            try:\n                value = method(self._driver)\n                if value:\n                    return value\n            except self._ignored_exceptions as exc:\n                screen = getattr(exc, \"screen\", None)\n                stacktrace = getattr(exc, \"stacktrace\", None)\n            time.sleep(self._poll)\n            if time.monotonic() > end_time:\n                break\n>       raise TimeoutException(message, screen, stacktrace)\nE       selenium.common.exceptions.TimeoutException: Message: \nE       Stacktrace:\nE       #0 0x55a76e280243 <unknown>\nE       #1 0x55a76e0447a6 <unknown>\nE       #2 0x55a76e08164d <unknown>\nE       #3 0x55a76e081761 <unknown>\nE       #4 0x55a76e0bcda4 <unknown>\nE       #5 0x55a76e0a20ad <unknown>\nE       #6 0x55a76e0ba932 <unknown>\nE       #7 0x55a76e0a1e53 <unknown>\nE       #8 0x55a76e0749ea <unknown>\nE       #9 0x55a76e075b2e <unknown>\nE       #10 0x55a76e2d4d5e <unknown>\nE       #11 0x55a76e2d8a80 <unknown>\nE       #12 0x55a76e2ba8b0 <unknown>\nE       #13 0x55a76e2d9b63 <unknown>\nE       #14 0x55a76e2abf75 <unknown>\nE       #15 0x55a76e2fc998 <unknown>\nE       #16 0x55a76e2fcb27 <unknown>\nE       #17 0x55a76e317c23 <unknown>\nE       #18 0x7ff1ff9a5b43 <unknown>\n\n/opt/hostedtoolcache/Python/3.10.10/x64/lib/python3.10/site-packages/selenium/webdriver/support/wait.py:95: TimeoutException","flaky":false,"newFailed":false,"newBroken":false,"newPassed":false,"retriesCount":0,"retriesStatusChange":false,"beforeStages":[{"name":"_xunit_setup_method_fixture_TestConduit","time":{"start":1681251132699,"stop":1681251133848,"duration":1149},"status":"passed","steps":[],"attachments":[],"parameters":[],"stepsCount":0,"attachmentsCount":0,"shouldDisplayMessage":false,"hasContent":false}],"afterStages":[{"name":"_xunit_setup_method_fixture_TestConduit::0","time":{"start":1681251185667,"stop":1681251185723,"duration":56},"status":"passed","steps":[],"attachments":[],"parameters":[],"stepsCount":0,"attachmentsCount":0,"shouldDisplayMessage":false,"hasContent":false}],"labels":[{"name":"as_id","value":"TC12"},{"name":"parentSuite","value":"vizsgaremek.test"},{"name":"suite","value":"test_conduit"},{"name":"subSuite","value":"TestConduit"},{"name":"host","value":"fv-az361-140"},{"name":"thread","value":"3055-MainThread"},{"name":"framework","value":"pytest"},{"name":"language","value":"cpython3"},{"name":"package","value":"vizsgaremek.test.test_conduit"},{"name":"resultFormat","value":"allure2"}],"parameters":[],"links":[],"hidden":false,"retry":false,"extra":{"severity":"normal","retries":[],"categories":[{"name":"Test defects","matchedStatuses":[],"flaky":false}],"tags":[]},"source":"b5b0281703ac983a.json","parameterValues":[]}